<?xml version="1.0" encoding="UTF-8"?>
<testsuite name="com.arqui.GreenCoom.GreenCoomApplicationTests" tests="1" skipped="0" failures="0" errors="0" timestamp="2024-07-04T20:42:41" hostname="DESKTOP-DF476QB" time="0.514">
  <properties/>
  <testcase name="contextLoads()" classname="com.arqui.GreenCoom.GreenCoomApplicationTests" time="0.514"/>
  <system-out><![CDATA[15:42:32.774 [Test worker] INFO org.springframework.test.context.support.AnnotationConfigContextLoaderUtils -- Could not detect default configuration classes for test class [com.arqui.GreenCoom.GreenCoomApplicationTests]: GreenCoomApplicationTests does not declare any static, non-private, non-final, nested classes annotated with @Configuration.
15:42:32.899 [Test worker] INFO org.springframework.boot.test.context.SpringBootTestContextBootstrapper -- Found @SpringBootConfiguration com.arqui.GreenCoom.GreenCoomApplication for test class com.arqui.GreenCoom.GreenCoomApplicationTests

  .   ____          _            __ _ _
 /\\ / ___'_ __ _ _(_)_ __  __ _ \ \ \ \
( ( )\___ | '_ | '_| | '_ \/ _` | \ \ \ \
 \\/  ___)| |_)| | | | | || (_| |  ) ) ) )
  '  |____| .__|_| |_|_| |_\__, | / / / /
 =========|_|==============|___/=/_/_/_/
 :: Spring Boot ::                (v3.2.5)

2024-07-04T15:42:33.322-05:00  INFO 28472 --- [GreenCoom] [    Test worker] c.a.GreenCoom.GreenCoomApplicationTests  : Starting GreenCoomApplicationTests using Java 21.0.1 with PID 28472 (started by ASUS in C:\Users\ASUS\OneDrive\Escritorio\Proyecto\GreenCoom-Backend-main)
2024-07-04T15:42:33.322-05:00  INFO 28472 --- [GreenCoom] [    Test worker] c.a.GreenCoom.GreenCoomApplicationTests  : No active profile set, falling back to 1 default profile: "default"
2024-07-04T15:42:33.932-05:00  INFO 28472 --- [GreenCoom] [    Test worker] .s.d.r.c.RepositoryConfigurationDelegate : Bootstrapping Spring Data JPA repositories in DEFAULT mode.
2024-07-04T15:42:33.994-05:00  INFO 28472 --- [GreenCoom] [    Test worker] .s.d.r.c.RepositoryConfigurationDelegate : Finished Spring Data repository scanning in 54 ms. Found 2 JPA repository interfaces.
2024-07-04T15:42:34.478-05:00  INFO 28472 --- [GreenCoom] [    Test worker] o.hibernate.jpa.internal.util.LogHelper  : HHH000204: Processing PersistenceUnitInfo [name: default]
2024-07-04T15:42:34.572-05:00  INFO 28472 --- [GreenCoom] [    Test worker] org.hibernate.Version                    : HHH000412: Hibernate ORM core version 6.4.4.Final
2024-07-04T15:42:34.619-05:00  INFO 28472 --- [GreenCoom] [    Test worker] o.h.c.internal.RegionFactoryInitiator    : HHH000026: Second-level cache disabled
2024-07-04T15:42:34.916-05:00  INFO 28472 --- [GreenCoom] [    Test worker] o.s.o.j.p.SpringPersistenceUnitInfo      : No LoadTimeWeaver setup: ignoring JPA class transformer
2024-07-04T15:42:34.947-05:00  INFO 28472 --- [GreenCoom] [    Test worker] com.zaxxer.hikari.HikariDataSource       : HikariPool-1 - Starting...
2024-07-04T15:42:37.338-05:00  INFO 28472 --- [GreenCoom] [    Test worker] com.zaxxer.hikari.pool.HikariPool        : HikariPool-1 - Added connection org.postgresql.jdbc.PgConnection@7b3feb26
2024-07-04T15:42:37.338-05:00  INFO 28472 --- [GreenCoom] [    Test worker] com.zaxxer.hikari.HikariDataSource       : HikariPool-1 - Start completed.
2024-07-04T15:42:37.557-05:00  WARN 28472 --- [GreenCoom] [    Test worker] org.hibernate.orm.deprecation            : HHH90000025: PostgreSQLDialect does not need to be specified explicitly using 'hibernate.dialect' (remove the property setting and it will be selected by default)
2024-07-04T15:42:38.920-05:00  INFO 28472 --- [GreenCoom] [    Test worker] o.h.e.t.j.p.i.JtaPlatformInitiator       : HHH000489: No JTA platform available (set 'hibernate.transaction.jta.platform' to enable JTA platform integration)
2024-07-04T15:42:40.585-05:00  INFO 28472 --- [GreenCoom] [    Test worker] j.LocalContainerEntityManagerFactoryBean : Initialized JPA EntityManagerFactory for persistence unit 'default'
AuthenticationManager invoked.
2024-07-04T15:42:40.944-05:00  INFO 28472 --- [GreenCoom] [    Test worker] o.s.d.j.r.query.QueryEnhancerFactory     : Hibernate is in classpath; If applicable, HQL parser will be used.
2024-07-04T15:42:41.319-05:00  WARN 28472 --- [GreenCoom] [    Test worker] JpaBaseConfiguration$JpaWebConfiguration : spring.jpa.open-in-view is enabled by default. Therefore, database queries may be performed during view rendering. Explicitly configure spring.jpa.open-in-view to disable this warning
2024-07-04T15:42:41.600-05:00  INFO 28472 --- [GreenCoom] [    Test worker] o.s.s.web.DefaultSecurityFilterChain     : Will secure any request with [org.springframework.security.web.session.DisableEncodeUrlFilter@47fca369, org.springframework.security.web.context.request.async.WebAsyncManagerIntegrationFilter@296a350, org.springframework.security.web.context.SecurityContextHolderFilter@50177966, org.springframework.security.web.header.HeaderWriterFilter@5a513627, org.springframework.web.filter.CorsFilter@4f3a8e3e, org.springframework.security.web.authentication.logout.LogoutFilter@7b0d88e0, com.arqui.GreenCoom.Authentication.Config.JwtAuthenticationFilter@442151d1, org.springframework.security.web.savedrequest.RequestCacheAwareFilter@1c63b39a, org.springframework.security.web.servletapi.SecurityContextHolderAwareRequestFilter@7048d039, org.springframework.security.web.authentication.AnonymousAuthenticationFilter@4824d077, org.springframework.security.web.session.SessionManagementFilter@655295bd, org.springframework.security.web.access.ExceptionTranslationFilter@3448a248, org.springframework.security.web.access.intercept.AuthorizationFilter@40d0bff1]
2024-07-04T15:42:41.883-05:00  INFO 28472 --- [GreenCoom] [    Test worker] c.a.GreenCoom.GreenCoomApplicationTests  : Started GreenCoomApplicationTests in 8.797 seconds (process running for 10.075)
]]></system-out>
  <system-err><![CDATA[WARNING: A Java agent has been loaded dynamically (C:\Users\ASUS\.gradle\caches\modules-2\files-2.1\net.bytebuddy\byte-buddy-agent\1.14.13\979ce25f7d3096a2e82214ba7dc972a05ce7a171\byte-buddy-agent-1.14.13.jar)
WARNING: If a serviceability tool is in use, please run with -XX:+EnableDynamicAgentLoading to hide this warning
WARNING: If a serviceability tool is not in use, please run with -Djdk.instrument.traceUsage for more information
WARNING: Dynamic loading of agents will be disallowed by default in a future release
]]></system-err>
</testsuite>
